  [1m[36m (1.7ms)[0m  [1mCREATE TABLE "schema_migrations" ("version" varchar NOT NULL) [0m
  [1m[35m (0.1ms)[0m  select sqlite_version(*)
  [1m[36m (1.6ms)[0m  [1mCREATE UNIQUE INDEX "unique_schema_migrations" ON "schema_migrations" ("version")[0m
  [1m[35mActiveRecord::SchemaMigration Load (0.1ms)[0m  SELECT "schema_migrations".* FROM "schema_migrations"


Started GET "/" for ::1 at 2015-11-17 17:47:54 -0600
Processing by Rails::WelcomeController#index as HTML
  Rendered /Users/admin/.rvm/gems/ruby-2.1.2/gems/railties-4.2.3/lib/rails/templates/rails/welcome/index.html.erb (2.8ms)
Completed 200 OK in 27ms (Views: 19.4ms | ActiveRecord: 0.0ms)
  [1m[36mActiveRecord::SchemaMigration Load (0.1ms)[0m  [1mSELECT "schema_migrations".* FROM "schema_migrations"[0m
Migrating to CreateStudents (1)
  [1m[35m (0.1ms)[0m  begin transaction
  [1m[36m (0.4ms)[0m  [1mCREATE TABLE "students" ("id" INTEGER PRIMARY KEY AUTOINCREMENT NOT NULL, "first_name" varchar, "last_name" varchar, "created_at" datetime NOT NULL, "updated_at" datetime NOT NULL) [0m
  [1m[35mSQL (0.3ms)[0m  INSERT INTO "schema_migrations" ("version") VALUES (?)  [["version", "1"]]
  [1m[36m (1.4ms)[0m  [1mcommit transaction[0m
  [1m[35mActiveRecord::SchemaMigration Load (0.1ms)[0m  SELECT "schema_migrations".* FROM "schema_migrations"
  [1m[36m (0.1ms)[0m  [1mbegin transaction[0m
  [1m[35mSQL (0.3ms)[0m  INSERT INTO "students" ("first_name", "last_name", "created_at", "updated_at") VALUES (?, ?, ?, ?)  [["first_name", "Jordan"], ["last_name", "Hudgens"], ["created_at", "2015-11-18 00:10:55.545365"], ["updated_at", "2015-11-18 00:10:55.545365"]]
  [1m[36m (2.9ms)[0m  [1mcommit transaction[0m
  [1m[35mStudent Load (0.2ms)[0m  SELECT  "students".* FROM "students"  ORDER BY "students"."id" DESC LIMIT 1
  [1m[36m (0.1ms)[0m  [1mbegin transaction[0m
  [1m[35mSQL (0.3ms)[0m  INSERT INTO "students" ("created_at", "updated_at") VALUES (?, ?)  [["created_at", "2015-11-18 00:17:49.095449"], ["updated_at", "2015-11-18 00:17:49.095449"]]
  [1m[36m (1.2ms)[0m  [1mcommit transaction[0m
  [1m[35mStudent Load (0.2ms)[0m  SELECT  "students".* FROM "students"  ORDER BY "students"."id" DESC LIMIT 1
  [1m[36mActiveRecord::SchemaMigration Load (0.1ms)[0m  [1mSELECT "schema_migrations".* FROM "schema_migrations"[0m
  [1m[35mActiveRecord::SchemaMigration Load (0.1ms)[0m  SELECT "schema_migrations".* FROM "schema_migrations"


Started GET "/" for ::1 at 2015-11-18 13:36:42 -0600
  [1m[36mActiveRecord::SchemaMigration Load (0.1ms)[0m  [1mSELECT "schema_migrations".* FROM "schema_migrations"[0m
Processing by Rails::WelcomeController#index as HTML
  Rendered /Users/admin/.rvm/gems/ruby-2.1.2/gems/railties-4.2.3/lib/rails/templates/rails/welcome/index.html.erb (2.4ms)
Completed 200 OK in 39ms (Views: 24.5ms | ActiveRecord: 0.0ms)


Started GET "/" for ::1 at 2015-11-18 13:37:10 -0600
Processing by Rails::WelcomeController#index as HTML
  Rendered /Users/admin/.rvm/gems/ruby-2.1.2/gems/railties-4.2.3/lib/rails/templates/rails/welcome/index.html.erb (0.0ms)
Completed 200 OK in 1ms (Views: 0.7ms | ActiveRecord: 0.0ms)
  [1m[36mActiveRecord::SchemaMigration Load (0.5ms)[0m  [1mSELECT "schema_migrations".* FROM "schema_migrations"[0m
  [1m[35mActiveRecord::SchemaMigration Load (0.1ms)[0m  SELECT "schema_migrations".* FROM "schema_migrations"
  [1m[36mStudent Load (0.4ms)[0m  [1mSELECT  "students".* FROM "students"  ORDER BY "students"."id" DESC LIMIT 1[0m
  [1m[35mStudent Load (0.2ms)[0m  SELECT  "students".* FROM "students"  ORDER BY "students"."id" DESC LIMIT 1
  [1m[36m (0.1ms)[0m  [1mbegin transaction[0m
  [1m[35mSQL (0.6ms)[0m  DELETE FROM "students" WHERE "students"."id" = ?  [["id", 2]]
  [1m[36m (1.6ms)[0m  [1mcommit transaction[0m
  [1m[35mStudent Load (0.2ms)[0m  SELECT "students".* FROM "students"
DEPRECATION WARNING: Static attributes will be removed in FactoryBot 5.0. Please use dynamic
attributes instead by wrapping the attribute value in a block:

title { "Computer Science" }

To automatically update from static attributes to dynamic ones,
install rubocop-rspec and run:

rubocop \
  --require rubocop-rspec \
  --only FactoryBot/AttributeDefinedStatically \
  --auto-correct

. (called from block (2 levels) in <top (required)> at /Users/vchan/Development/rails-form_for-lab-nyc-web-111918/spec/factories/school_classes.rb:3)
DEPRECATION WARNING: Static attributes will be removed in FactoryBot 5.0. Please use dynamic
attributes instead by wrapping the attribute value in a block:

room_number { 5 }

To automatically update from static attributes to dynamic ones,
install rubocop-rspec and run:

rubocop \
  --require rubocop-rspec \
  --only FactoryBot/AttributeDefinedStatically \
  --auto-correct

. (called from block (2 levels) in <top (required)> at /Users/vchan/Development/rails-form_for-lab-nyc-web-111918/spec/factories/school_classes.rb:4)
DEPRECATION WARNING: Static attributes will be removed in FactoryBot 5.0. Please use dynamic
attributes instead by wrapping the attribute value in a block:

first_name { "Daenerys" }

To automatically update from static attributes to dynamic ones,
install rubocop-rspec and run:

rubocop \
  --require rubocop-rspec \
  --only FactoryBot/AttributeDefinedStatically \
  --auto-correct

. (called from block (2 levels) in <top (required)> at /Users/vchan/Development/rails-form_for-lab-nyc-web-111918/spec/factories/students.rb:3)
DEPRECATION WARNING: Static attributes will be removed in FactoryBot 5.0. Please use dynamic
attributes instead by wrapping the attribute value in a block:

last_name { "Targaryen" }

To automatically update from static attributes to dynamic ones,
install rubocop-rspec and run:

rubocop \
  --require rubocop-rspec \
  --only FactoryBot/AttributeDefinedStatically \
  --auto-correct

. (called from block (2 levels) in <top (required)> at /Users/vchan/Development/rails-form_for-lab-nyc-web-111918/spec/factories/students.rb:4)
DEPRECATION WARNING: Static attributes will be removed in FactoryBot 5.0. Please use dynamic
attributes instead by wrapping the attribute value in a block:

title { "Computer Science" }

To automatically update from static attributes to dynamic ones,
install rubocop-rspec and run:

rubocop \
  --require rubocop-rspec \
  --only FactoryBot/AttributeDefinedStatically \
  --auto-correct

. (called from block (2 levels) in <top (required)> at /Users/vchan/Development/rails-form_for-lab-nyc-web-111918/spec/factories/school_classes.rb:3)
DEPRECATION WARNING: Static attributes will be removed in FactoryBot 5.0. Please use dynamic
attributes instead by wrapping the attribute value in a block:

room_number { 5 }

To automatically update from static attributes to dynamic ones,
install rubocop-rspec and run:

rubocop \
  --require rubocop-rspec \
  --only FactoryBot/AttributeDefinedStatically \
  --auto-correct

. (called from block (2 levels) in <top (required)> at /Users/vchan/Development/rails-form_for-lab-nyc-web-111918/spec/factories/school_classes.rb:4)
DEPRECATION WARNING: Static attributes will be removed in FactoryBot 5.0. Please use dynamic
attributes instead by wrapping the attribute value in a block:

first_name { "Daenerys" }

To automatically update from static attributes to dynamic ones,
install rubocop-rspec and run:

rubocop \
  --require rubocop-rspec \
  --only FactoryBot/AttributeDefinedStatically \
  --auto-correct

. (called from block (2 levels) in <top (required)> at /Users/vchan/Development/rails-form_for-lab-nyc-web-111918/spec/factories/students.rb:3)
DEPRECATION WARNING: Static attributes will be removed in FactoryBot 5.0. Please use dynamic
attributes instead by wrapping the attribute value in a block:

last_name { "Targaryen" }

To automatically update from static attributes to dynamic ones,
install rubocop-rspec and run:

rubocop \
  --require rubocop-rspec \
  --only FactoryBot/AttributeDefinedStatically \
  --auto-correct

. (called from block (2 levels) in <top (required)> at /Users/vchan/Development/rails-form_for-lab-nyc-web-111918/spec/factories/students.rb:4)
  [1m[36mStudent Load (1.9ms)[0m  [1mSELECT "students".* FROM "students"[0m
DEPRECATION WARNING: Static attributes will be removed in FactoryBot 5.0. Please use dynamic
attributes instead by wrapping the attribute value in a block:

title { "Computer Science" }

To automatically update from static attributes to dynamic ones,
install rubocop-rspec and run:

rubocop \
  --require rubocop-rspec \
  --only FactoryBot/AttributeDefinedStatically \
  --auto-correct

. (called from block (2 levels) in <top (required)> at /Users/vchan/Development/rails-form_for-lab-nyc-web-111918/spec/factories/school_classes.rb:3)
DEPRECATION WARNING: Static attributes will be removed in FactoryBot 5.0. Please use dynamic
attributes instead by wrapping the attribute value in a block:

room_number { 5 }

To automatically update from static attributes to dynamic ones,
install rubocop-rspec and run:

rubocop \
  --require rubocop-rspec \
  --only FactoryBot/AttributeDefinedStatically \
  --auto-correct

. (called from block (2 levels) in <top (required)> at /Users/vchan/Development/rails-form_for-lab-nyc-web-111918/spec/factories/school_classes.rb:4)
DEPRECATION WARNING: Static attributes will be removed in FactoryBot 5.0. Please use dynamic
attributes instead by wrapping the attribute value in a block:

first_name { "Daenerys" }

To automatically update from static attributes to dynamic ones,
install rubocop-rspec and run:

rubocop \
  --require rubocop-rspec \
  --only FactoryBot/AttributeDefinedStatically \
  --auto-correct

. (called from block (2 levels) in <top (required)> at /Users/vchan/Development/rails-form_for-lab-nyc-web-111918/spec/factories/students.rb:3)
DEPRECATION WARNING: Static attributes will be removed in FactoryBot 5.0. Please use dynamic
attributes instead by wrapping the attribute value in a block:

last_name { "Targaryen" }

To automatically update from static attributes to dynamic ones,
install rubocop-rspec and run:

rubocop \
  --require rubocop-rspec \
  --only FactoryBot/AttributeDefinedStatically \
  --auto-correct

. (called from block (2 levels) in <top (required)> at /Users/vchan/Development/rails-form_for-lab-nyc-web-111918/spec/factories/students.rb:4)
DEPRECATION WARNING: Static attributes will be removed in FactoryBot 5.0. Please use dynamic
attributes instead by wrapping the attribute value in a block:

title { "Computer Science" }

To automatically update from static attributes to dynamic ones,
install rubocop-rspec and run:

rubocop \
  --require rubocop-rspec \
  --only FactoryBot/AttributeDefinedStatically \
  --auto-correct

. (called from block (2 levels) in <top (required)> at /Users/vchan/Development/rails-form_for-lab-nyc-web-111918/spec/factories/school_classes.rb:3)
DEPRECATION WARNING: Static attributes will be removed in FactoryBot 5.0. Please use dynamic
attributes instead by wrapping the attribute value in a block:

room_number { 5 }

To automatically update from static attributes to dynamic ones,
install rubocop-rspec and run:

rubocop \
  --require rubocop-rspec \
  --only FactoryBot/AttributeDefinedStatically \
  --auto-correct

. (called from block (2 levels) in <top (required)> at /Users/vchan/Development/rails-form_for-lab-nyc-web-111918/spec/factories/school_classes.rb:4)
DEPRECATION WARNING: Static attributes will be removed in FactoryBot 5.0. Please use dynamic
attributes instead by wrapping the attribute value in a block:

first_name { "Daenerys" }

To automatically update from static attributes to dynamic ones,
install rubocop-rspec and run:

rubocop \
  --require rubocop-rspec \
  --only FactoryBot/AttributeDefinedStatically \
  --auto-correct

. (called from block (2 levels) in <top (required)> at /Users/vchan/Development/rails-form_for-lab-nyc-web-111918/spec/factories/students.rb:3)
DEPRECATION WARNING: Static attributes will be removed in FactoryBot 5.0. Please use dynamic
attributes instead by wrapping the attribute value in a block:

last_name { "Targaryen" }

To automatically update from static attributes to dynamic ones,
install rubocop-rspec and run:

rubocop \
  --require rubocop-rspec \
  --only FactoryBot/AttributeDefinedStatically \
  --auto-correct

. (called from block (2 levels) in <top (required)> at /Users/vchan/Development/rails-form_for-lab-nyc-web-111918/spec/factories/students.rb:4)
DEPRECATION WARNING: Static attributes will be removed in FactoryBot 5.0. Please use dynamic
attributes instead by wrapping the attribute value in a block:

title { "Computer Science" }

To automatically update from static attributes to dynamic ones,
install rubocop-rspec and run:

rubocop \
  --require rubocop-rspec \
  --only FactoryBot/AttributeDefinedStatically \
  --auto-correct

. (called from block (2 levels) in <top (required)> at /Users/vchan/Development/rails-form_for-lab-nyc-web-111918/spec/factories/school_classes.rb:3)
DEPRECATION WARNING: Static attributes will be removed in FactoryBot 5.0. Please use dynamic
attributes instead by wrapping the attribute value in a block:

room_number { 5 }

To automatically update from static attributes to dynamic ones,
install rubocop-rspec and run:

rubocop \
  --require rubocop-rspec \
  --only FactoryBot/AttributeDefinedStatically \
  --auto-correct

. (called from block (2 levels) in <top (required)> at /Users/vchan/Development/rails-form_for-lab-nyc-web-111918/spec/factories/school_classes.rb:4)
DEPRECATION WARNING: Static attributes will be removed in FactoryBot 5.0. Please use dynamic
attributes instead by wrapping the attribute value in a block:

first_name { "Daenerys" }

To automatically update from static attributes to dynamic ones,
install rubocop-rspec and run:

rubocop \
  --require rubocop-rspec \
  --only FactoryBot/AttributeDefinedStatically \
  --auto-correct

. (called from block (2 levels) in <top (required)> at /Users/vchan/Development/rails-form_for-lab-nyc-web-111918/spec/factories/students.rb:3)
DEPRECATION WARNING: Static attributes will be removed in FactoryBot 5.0. Please use dynamic
attributes instead by wrapping the attribute value in a block:

last_name { "Targaryen" }

To automatically update from static attributes to dynamic ones,
install rubocop-rspec and run:

rubocop \
  --require rubocop-rspec \
  --only FactoryBot/AttributeDefinedStatically \
  --auto-correct

. (called from block (2 levels) in <top (required)> at /Users/vchan/Development/rails-form_for-lab-nyc-web-111918/spec/factories/students.rb:4)
DEPRECATION WARNING: Static attributes will be removed in FactoryBot 5.0. Please use dynamic
attributes instead by wrapping the attribute value in a block:

title { "Computer Science" }

To automatically update from static attributes to dynamic ones,
install rubocop-rspec and run:

rubocop \
  --require rubocop-rspec \
  --only FactoryBot/AttributeDefinedStatically \
  --auto-correct

. (called from block (2 levels) in <top (required)> at /Users/vchan/Development/rails-form_for-lab-nyc-web-111918/spec/factories/school_classes.rb:3)
DEPRECATION WARNING: Static attributes will be removed in FactoryBot 5.0. Please use dynamic
attributes instead by wrapping the attribute value in a block:

room_number { 5 }

To automatically update from static attributes to dynamic ones,
install rubocop-rspec and run:

rubocop \
  --require rubocop-rspec \
  --only FactoryBot/AttributeDefinedStatically \
  --auto-correct

. (called from block (2 levels) in <top (required)> at /Users/vchan/Development/rails-form_for-lab-nyc-web-111918/spec/factories/school_classes.rb:4)
DEPRECATION WARNING: Static attributes will be removed in FactoryBot 5.0. Please use dynamic
attributes instead by wrapping the attribute value in a block:

first_name { "Daenerys" }

To automatically update from static attributes to dynamic ones,
install rubocop-rspec and run:

rubocop \
  --require rubocop-rspec \
  --only FactoryBot/AttributeDefinedStatically \
  --auto-correct

. (called from block (2 levels) in <top (required)> at /Users/vchan/Development/rails-form_for-lab-nyc-web-111918/spec/factories/students.rb:3)
DEPRECATION WARNING: Static attributes will be removed in FactoryBot 5.0. Please use dynamic
attributes instead by wrapping the attribute value in a block:

last_name { "Targaryen" }

To automatically update from static attributes to dynamic ones,
install rubocop-rspec and run:

rubocop \
  --require rubocop-rspec \
  --only FactoryBot/AttributeDefinedStatically \
  --auto-correct

. (called from block (2 levels) in <top (required)> at /Users/vchan/Development/rails-form_for-lab-nyc-web-111918/spec/factories/students.rb:4)
  [1m[36mActiveRecord::SchemaMigration Load (0.1ms)[0m  [1mSELECT "schema_migrations".* FROM "schema_migrations"[0m
Migrating to CreateSchoolClasses (20181217184417)
  [1m[35m (0.0ms)[0m  begin transaction
  [1m[36m (0.4ms)[0m  [1mCREATE TABLE "school_classes" ("id" INTEGER PRIMARY KEY AUTOINCREMENT NOT NULL, "title" varchar, "room_number" integer, "created_at" datetime NOT NULL, "updated_at" datetime NOT NULL) [0m
  [1m[35mSQL (0.1ms)[0m  INSERT INTO "schema_migrations" ("version") VALUES (?)  [["version", "20181217184417"]]
  [1m[36m (1.0ms)[0m  [1mcommit transaction[0m
  [1m[35mActiveRecord::SchemaMigration Load (0.1ms)[0m  SELECT "schema_migrations".* FROM "schema_migrations"
DEPRECATION WARNING: Static attributes will be removed in FactoryBot 5.0. Please use dynamic
attributes instead by wrapping the attribute value in a block:

title { "Computer Science" }

To automatically update from static attributes to dynamic ones,
install rubocop-rspec and run:

rubocop \
  --require rubocop-rspec \
  --only FactoryBot/AttributeDefinedStatically \
  --auto-correct

. (called from block (2 levels) in <top (required)> at /Users/vchan/Development/rails-form_for-lab-nyc-web-111918/spec/factories/school_classes.rb:3)
DEPRECATION WARNING: Static attributes will be removed in FactoryBot 5.0. Please use dynamic
attributes instead by wrapping the attribute value in a block:

room_number { 5 }

To automatically update from static attributes to dynamic ones,
install rubocop-rspec and run:

rubocop \
  --require rubocop-rspec \
  --only FactoryBot/AttributeDefinedStatically \
  --auto-correct

. (called from block (2 levels) in <top (required)> at /Users/vchan/Development/rails-form_for-lab-nyc-web-111918/spec/factories/school_classes.rb:4)
DEPRECATION WARNING: Static attributes will be removed in FactoryBot 5.0. Please use dynamic
attributes instead by wrapping the attribute value in a block:

first_name { "Daenerys" }

To automatically update from static attributes to dynamic ones,
install rubocop-rspec and run:

rubocop \
  --require rubocop-rspec \
  --only FactoryBot/AttributeDefinedStatically \
  --auto-correct

. (called from block (2 levels) in <top (required)> at /Users/vchan/Development/rails-form_for-lab-nyc-web-111918/spec/factories/students.rb:3)
DEPRECATION WARNING: Static attributes will be removed in FactoryBot 5.0. Please use dynamic
attributes instead by wrapping the attribute value in a block:

last_name { "Targaryen" }

To automatically update from static attributes to dynamic ones,
install rubocop-rspec and run:

rubocop \
  --require rubocop-rspec \
  --only FactoryBot/AttributeDefinedStatically \
  --auto-correct

. (called from block (2 levels) in <top (required)> at /Users/vchan/Development/rails-form_for-lab-nyc-web-111918/spec/factories/students.rb:4)
  [1m[36mSchoolClass Load (1.7ms)[0m  [1mSELECT "school_classes".* FROM "school_classes"[0m
DEPRECATION WARNING: Static attributes will be removed in FactoryBot 5.0. Please use dynamic
attributes instead by wrapping the attribute value in a block:

title { "Computer Science" }

To automatically update from static attributes to dynamic ones,
install rubocop-rspec and run:

rubocop \
  --require rubocop-rspec \
  --only FactoryBot/AttributeDefinedStatically \
  --auto-correct

. (called from block (2 levels) in <top (required)> at /Users/vchan/Development/rails-form_for-lab-nyc-web-111918/spec/factories/school_classes.rb:3)
DEPRECATION WARNING: Static attributes will be removed in FactoryBot 5.0. Please use dynamic
attributes instead by wrapping the attribute value in a block:

room_number { 5 }

To automatically update from static attributes to dynamic ones,
install rubocop-rspec and run:

rubocop \
  --require rubocop-rspec \
  --only FactoryBot/AttributeDefinedStatically \
  --auto-correct

. (called from block (2 levels) in <top (required)> at /Users/vchan/Development/rails-form_for-lab-nyc-web-111918/spec/factories/school_classes.rb:4)
DEPRECATION WARNING: Static attributes will be removed in FactoryBot 5.0. Please use dynamic
attributes instead by wrapping the attribute value in a block:

first_name { "Daenerys" }

To automatically update from static attributes to dynamic ones,
install rubocop-rspec and run:

rubocop \
  --require rubocop-rspec \
  --only FactoryBot/AttributeDefinedStatically \
  --auto-correct

. (called from block (2 levels) in <top (required)> at /Users/vchan/Development/rails-form_for-lab-nyc-web-111918/spec/factories/students.rb:3)
DEPRECATION WARNING: Static attributes will be removed in FactoryBot 5.0. Please use dynamic
attributes instead by wrapping the attribute value in a block:

last_name { "Targaryen" }

To automatically update from static attributes to dynamic ones,
install rubocop-rspec and run:

rubocop \
  --require rubocop-rspec \
  --only FactoryBot/AttributeDefinedStatically \
  --auto-correct

. (called from block (2 levels) in <top (required)> at /Users/vchan/Development/rails-form_for-lab-nyc-web-111918/spec/factories/students.rb:4)
  [1m[36mActiveRecord::SchemaMigration Load (0.1ms)[0m  [1mSELECT "schema_migrations".* FROM "schema_migrations"[0m
  [1m[35m (0.1ms)[0m  begin transaction
  [1m[36mSQL (0.4ms)[0m  [1mINSERT INTO "school_classes" ("title", "room_number", "created_at", "updated_at") VALUES (?, ?, ?, ?)[0m  [["title", "Sigma"], ["room_number", 3], ["created_at", "2018-12-17 19:02:43.273510"], ["updated_at", "2018-12-17 19:02:43.273510"]]
  [1m[35m (1.4ms)[0m  commit transaction
  [1m[36m (0.0ms)[0m  [1mbegin transaction[0m
  [1m[35mSQL (0.2ms)[0m  INSERT INTO "school_classes" ("title", "room_number", "created_at", "updated_at") VALUES (?, ?, ?, ?)  [["title", "MegaAcademy"], ["room_number", 8], ["created_at", "2018-12-17 19:02:43.276687"], ["updated_at", "2018-12-17 19:02:43.276687"]]
  [1m[36m (0.8ms)[0m  [1mcommit transaction[0m
  [1m[35m (0.0ms)[0m  begin transaction
  [1m[36mSQL (0.2ms)[0m  [1mINSERT INTO "school_classes" ("title", "room_number", "created_at", "updated_at") VALUES (?, ?, ?, ?)[0m  [["title", "CCB"], ["room_number", 9], ["created_at", "2018-12-17 19:02:43.278577"], ["updated_at", "2018-12-17 19:02:43.278577"]]
  [1m[35m (0.7ms)[0m  commit transaction
  [1m[36m (0.0ms)[0m  [1mbegin transaction[0m
  [1m[35mSQL (0.2ms)[0m  INSERT INTO "school_classes" ("title", "room_number", "created_at", "updated_at") VALUES (?, ?, ?, ?)  [["title", "Elite"], ["room_number", 2], ["created_at", "2018-12-17 19:02:43.280235"], ["updated_at", "2018-12-17 19:02:43.280235"]]
  [1m[36m (0.7ms)[0m  [1mcommit transaction[0m
DEPRECATION WARNING: Static attributes will be removed in FactoryBot 5.0. Please use dynamic
attributes instead by wrapping the attribute value in a block:

title { "Computer Science" }

To automatically update from static attributes to dynamic ones,
install rubocop-rspec and run:

rubocop \
  --require rubocop-rspec \
  --only FactoryBot/AttributeDefinedStatically \
  --auto-correct

. (called from block (2 levels) in <top (required)> at /Users/vchan/Development/rails-form_for-lab-nyc-web-111918/spec/factories/school_classes.rb:3)
DEPRECATION WARNING: Static attributes will be removed in FactoryBot 5.0. Please use dynamic
attributes instead by wrapping the attribute value in a block:

room_number { 5 }

To automatically update from static attributes to dynamic ones,
install rubocop-rspec and run:

rubocop \
  --require rubocop-rspec \
  --only FactoryBot/AttributeDefinedStatically \
  --auto-correct

. (called from block (2 levels) in <top (required)> at /Users/vchan/Development/rails-form_for-lab-nyc-web-111918/spec/factories/school_classes.rb:4)
DEPRECATION WARNING: Static attributes will be removed in FactoryBot 5.0. Please use dynamic
attributes instead by wrapping the attribute value in a block:

first_name { "Daenerys" }

To automatically update from static attributes to dynamic ones,
install rubocop-rspec and run:

rubocop \
  --require rubocop-rspec \
  --only FactoryBot/AttributeDefinedStatically \
  --auto-correct

. (called from block (2 levels) in <top (required)> at /Users/vchan/Development/rails-form_for-lab-nyc-web-111918/spec/factories/students.rb:3)
DEPRECATION WARNING: Static attributes will be removed in FactoryBot 5.0. Please use dynamic
attributes instead by wrapping the attribute value in a block:

last_name { "Targaryen" }

To automatically update from static attributes to dynamic ones,
install rubocop-rspec and run:

rubocop \
  --require rubocop-rspec \
  --only FactoryBot/AttributeDefinedStatically \
  --auto-correct

. (called from block (2 levels) in <top (required)> at /Users/vchan/Development/rails-form_for-lab-nyc-web-111918/spec/factories/students.rb:4)
  [1m[36mSchoolClass Load (1.6ms)[0m  [1mSELECT "school_classes".* FROM "school_classes"[0m
DEPRECATION WARNING: Static attributes will be removed in FactoryBot 5.0. Please use dynamic
attributes instead by wrapping the attribute value in a block:

title { "Computer Science" }

To automatically update from static attributes to dynamic ones,
install rubocop-rspec and run:

rubocop \
  --require rubocop-rspec \
  --only FactoryBot/AttributeDefinedStatically \
  --auto-correct

. (called from block (2 levels) in <top (required)> at /Users/vchan/Development/rails-form_for-lab-nyc-web-111918/spec/factories/school_classes.rb:3)
DEPRECATION WARNING: Static attributes will be removed in FactoryBot 5.0. Please use dynamic
attributes instead by wrapping the attribute value in a block:

room_number { 5 }

To automatically update from static attributes to dynamic ones,
install rubocop-rspec and run:

rubocop \
  --require rubocop-rspec \
  --only FactoryBot/AttributeDefinedStatically \
  --auto-correct

. (called from block (2 levels) in <top (required)> at /Users/vchan/Development/rails-form_for-lab-nyc-web-111918/spec/factories/school_classes.rb:4)
DEPRECATION WARNING: Static attributes will be removed in FactoryBot 5.0. Please use dynamic
attributes instead by wrapping the attribute value in a block:

first_name { "Daenerys" }

To automatically update from static attributes to dynamic ones,
install rubocop-rspec and run:

rubocop \
  --require rubocop-rspec \
  --only FactoryBot/AttributeDefinedStatically \
  --auto-correct

. (called from block (2 levels) in <top (required)> at /Users/vchan/Development/rails-form_for-lab-nyc-web-111918/spec/factories/students.rb:3)
DEPRECATION WARNING: Static attributes will be removed in FactoryBot 5.0. Please use dynamic
attributes instead by wrapping the attribute value in a block:

last_name { "Targaryen" }

To automatically update from static attributes to dynamic ones,
install rubocop-rspec and run:

rubocop \
  --require rubocop-rspec \
  --only FactoryBot/AttributeDefinedStatically \
  --auto-correct

. (called from block (2 levels) in <top (required)> at /Users/vchan/Development/rails-form_for-lab-nyc-web-111918/spec/factories/students.rb:4)
DEPRECATION WARNING: Static attributes will be removed in FactoryBot 5.0. Please use dynamic
attributes instead by wrapping the attribute value in a block:

title { "Computer Science" }

To automatically update from static attributes to dynamic ones,
install rubocop-rspec and run:

rubocop \
  --require rubocop-rspec \
  --only FactoryBot/AttributeDefinedStatically \
  --auto-correct

. (called from block (2 levels) in <top (required)> at /Users/vchan/Development/rails-form_for-lab-nyc-web-111918/spec/factories/school_classes.rb:3)
DEPRECATION WARNING: Static attributes will be removed in FactoryBot 5.0. Please use dynamic
attributes instead by wrapping the attribute value in a block:

room_number { 5 }

To automatically update from static attributes to dynamic ones,
install rubocop-rspec and run:

rubocop \
  --require rubocop-rspec \
  --only FactoryBot/AttributeDefinedStatically \
  --auto-correct

. (called from block (2 levels) in <top (required)> at /Users/vchan/Development/rails-form_for-lab-nyc-web-111918/spec/factories/school_classes.rb:4)
DEPRECATION WARNING: Static attributes will be removed in FactoryBot 5.0. Please use dynamic
attributes instead by wrapping the attribute value in a block:

first_name { "Daenerys" }

To automatically update from static attributes to dynamic ones,
install rubocop-rspec and run:

rubocop \
  --require rubocop-rspec \
  --only FactoryBot/AttributeDefinedStatically \
  --auto-correct

. (called from block (2 levels) in <top (required)> at /Users/vchan/Development/rails-form_for-lab-nyc-web-111918/spec/factories/students.rb:3)
DEPRECATION WARNING: Static attributes will be removed in FactoryBot 5.0. Please use dynamic
attributes instead by wrapping the attribute value in a block:

last_name { "Targaryen" }

To automatically update from static attributes to dynamic ones,
install rubocop-rspec and run:

rubocop \
  --require rubocop-rspec \
  --only FactoryBot/AttributeDefinedStatically \
  --auto-correct

. (called from block (2 levels) in <top (required)> at /Users/vchan/Development/rails-form_for-lab-nyc-web-111918/spec/factories/students.rb:4)


Started GET "/students" for ::1 at 2018-12-17 14:20:36 -0500
  [1m[36mActiveRecord::SchemaMigration Load (0.1ms)[0m  [1mSELECT "schema_migrations".* FROM "schema_migrations"[0m

AbstractController::ActionNotFound (The action 'index' could not be found for StudentsController):
  actionpack (4.2.11) lib/abstract_controller/base.rb:132:in `process'
  actionview (4.2.11) lib/action_view/rendering.rb:30:in `process'
  actionpack (4.2.11) lib/action_controller/metal.rb:196:in `dispatch'
  actionpack (4.2.11) lib/action_controller/metal/rack_delegation.rb:13:in `dispatch'
  actionpack (4.2.11) lib/action_controller/metal.rb:237:in `block in action'
  actionpack (4.2.11) lib/action_dispatch/routing/route_set.rb:74:in `dispatch'
  actionpack (4.2.11) lib/action_dispatch/routing/route_set.rb:43:in `serve'
  actionpack (4.2.11) lib/action_dispatch/journey/router.rb:43:in `block in serve'
  actionpack (4.2.11) lib/action_dispatch/journey/router.rb:30:in `each'
  actionpack (4.2.11) lib/action_dispatch/journey/router.rb:30:in `serve'
  actionpack (4.2.11) lib/action_dispatch/routing/route_set.rb:817:in `call'
  rack (1.6.11) lib/rack/etag.rb:24:in `call'
  rack (1.6.11) lib/rack/conditionalget.rb:25:in `call'
  rack (1.6.11) lib/rack/head.rb:13:in `call'
  actionpack (4.2.11) lib/action_dispatch/middleware/params_parser.rb:27:in `call'
  actionpack (4.2.11) lib/action_dispatch/middleware/flash.rb:260:in `call'
  rack (1.6.11) lib/rack/session/abstract/id.rb:225:in `context'
  rack (1.6.11) lib/rack/session/abstract/id.rb:220:in `call'
  actionpack (4.2.11) lib/action_dispatch/middleware/cookies.rb:560:in `call'
  activerecord (4.2.11) lib/active_record/query_cache.rb:36:in `call'
  activerecord (4.2.11) lib/active_record/connection_adapters/abstract/connection_pool.rb:653:in `call'
  activerecord (4.2.11) lib/active_record/migration.rb:377:in `call'
  actionpack (4.2.11) lib/action_dispatch/middleware/callbacks.rb:29:in `block in call'
  activesupport (4.2.11) lib/active_support/callbacks.rb:88:in `__run_callbacks__'
  activesupport (4.2.11) lib/active_support/callbacks.rb:778:in `_run_call_callbacks'
  activesupport (4.2.11) lib/active_support/callbacks.rb:81:in `run_callbacks'
  actionpack (4.2.11) lib/action_dispatch/middleware/callbacks.rb:27:in `call'
  actionpack (4.2.11) lib/action_dispatch/middleware/reloader.rb:73:in `call'
  actionpack (4.2.11) lib/action_dispatch/middleware/remote_ip.rb:78:in `call'
  actionpack (4.2.11) lib/action_dispatch/middleware/debug_exceptions.rb:17:in `call'
  actionpack (4.2.11) lib/action_dispatch/middleware/show_exceptions.rb:30:in `call'
  railties (4.2.11) lib/rails/rack/logger.rb:38:in `call_app'
  railties (4.2.11) lib/rails/rack/logger.rb:20:in `block in call'
  activesupport (4.2.11) lib/active_support/tagged_logging.rb:68:in `block in tagged'
  activesupport (4.2.11) lib/active_support/tagged_logging.rb:26:in `tagged'
  activesupport (4.2.11) lib/active_support/tagged_logging.rb:68:in `tagged'
  railties (4.2.11) lib/rails/rack/logger.rb:20:in `call'
  actionpack (4.2.11) lib/action_dispatch/middleware/request_id.rb:21:in `call'
  rack (1.6.11) lib/rack/methodoverride.rb:22:in `call'
  rack (1.6.11) lib/rack/runtime.rb:18:in `call'
  activesupport (4.2.11) lib/active_support/cache/strategy/local_cache_middleware.rb:28:in `call'
  rack (1.6.11) lib/rack/lock.rb:17:in `call'
  actionpack (4.2.11) lib/action_dispatch/middleware/static.rb:120:in `call'
  rack (1.6.11) lib/rack/sendfile.rb:113:in `call'
  railties (4.2.11) lib/rails/engine.rb:518:in `call'
  railties (4.2.11) lib/rails/application.rb:165:in `call'
  rack (1.6.11) lib/rack/lock.rb:17:in `call'
  rack (1.6.11) lib/rack/content_length.rb:15:in `call'
  rack (1.6.11) lib/rack/handler/webrick.rb:88:in `service'
  /Users/vchan/.rvm/rubies/ruby-2.3.3/lib/ruby/2.3.0/webrick/httpserver.rb:140:in `service'
  /Users/vchan/.rvm/rubies/ruby-2.3.3/lib/ruby/2.3.0/webrick/httpserver.rb:96:in `run'
  /Users/vchan/.rvm/rubies/ruby-2.3.3/lib/ruby/2.3.0/webrick/server.rb:296:in `block in start_thread'


  Rendered /Users/vchan/.rvm/gems/ruby-2.3.3/gems/actionpack-4.2.11/lib/action_dispatch/middleware/templates/rescues/unknown_action.html.erb within rescues/layout (1.6ms)


Started GET "/school_classes" for ::1 at 2018-12-17 14:20:39 -0500
Processing by SchoolClassesController#index as HTML
  Rendered school_classes/index.erb within layouts/application (0.6ms)
Completed 500 Internal Server Error in 26ms (ActiveRecord: 0.0ms)

SyntaxError (/Users/vchan/Development/rails-form_for-lab-nyc-web-111918/app/views/school_classes/index.erb:9: syntax error, unexpected keyword_ensure, expecting keyword_end
/Users/vchan/Development/rails-form_for-lab-nyc-web-111918/app/views/school_classes/index.erb:11: syntax error, unexpected end-of-input, expecting keyword_end):
  app/views/school_classes/index.erb:9: syntax error, unexpected keyword_ensure, expecting keyword_end
  app/views/school_classes/index.erb:11: syntax error, unexpected end-of-input, expecting keyword_end


  Rendered /Users/vchan/.rvm/gems/ruby-2.3.3/gems/actionpack-4.2.11/lib/action_dispatch/middleware/templates/rescues/_source.erb (5.6ms)
  Rendered /Users/vchan/.rvm/gems/ruby-2.3.3/gems/actionpack-4.2.11/lib/action_dispatch/middleware/templates/rescues/_trace.html.erb (2.5ms)
  Rendered /Users/vchan/.rvm/gems/ruby-2.3.3/gems/actionpack-4.2.11/lib/action_dispatch/middleware/templates/rescues/_request_and_response.html.erb (1.0ms)
  Rendered /Users/vchan/.rvm/gems/ruby-2.3.3/gems/actionpack-4.2.11/lib/action_dispatch/middleware/templates/rescues/diagnostics.html.erb within rescues/layout (74.4ms)


Started GET "/school_classes" for ::1 at 2018-12-17 14:21:29 -0500
Processing by SchoolClassesController#index as HTML
  [1m[35mSchoolClass Load (0.1ms)[0m  SELECT "school_classes".* FROM "school_classes"
  Rendered school_classes/index.erb within layouts/application (4.5ms)
Completed 200 OK in 735ms (Views: 733.4ms | ActiveRecord: 0.4ms)


Started GET "/assets/school_classes.self-e3b0c44298fc1c149afbf4c8996fb92427ae41e4649b934ca495991b7852b855.css?body=1" for ::1 at 2018-12-17 14:21:30 -0500


Started GET "/assets/school_classes.self-877aef30ae1b040ab8a3aba4e3e309a11d7f2612f44dde450b5c157aa5f95c05.js?body=1" for ::1 at 2018-12-17 14:21:30 -0500


Started GET "/school_classes" for ::1 at 2018-12-17 14:37:23 -0500
Processing by SchoolClassesController#index as HTML
  [1m[36mSchoolClass Load (0.3ms)[0m  [1mSELECT "school_classes".* FROM "school_classes"[0m
  Rendered school_classes/index.erb within layouts/application (5.1ms)
Completed 200 OK in 33ms (Views: 30.6ms | ActiveRecord: 0.5ms)


Started GET "/school_classes/1" for ::1 at 2018-12-17 14:37:25 -0500
Processing by SchoolClassesController#show as HTML
  Parameters: {"id"=>"1"}
  [1m[35mSchoolClass Load (0.2ms)[0m  SELECT  "school_classes".* FROM "school_classes" WHERE "school_classes"."id" = ? LIMIT 1  [["id", 1]]
  [1m[36mCACHE (0.0ms)[0m  [1mSELECT  "school_classes".* FROM "school_classes" WHERE "school_classes"."id" = ? LIMIT 1[0m  [["id", "1"]]
  Rendered school_classes/show.erb within layouts/application (0.3ms)
Completed 200 OK in 34ms (Views: 18.6ms | ActiveRecord: 0.2ms)


Started GET "/school_classes/" for ::1 at 2018-12-17 14:37:40 -0500
Processing by SchoolClassesController#index as HTML
  [1m[35mSchoolClass Load (0.1ms)[0m  SELECT "school_classes".* FROM "school_classes"
  Rendered school_classes/index.erb within layouts/application (1.3ms)
Completed 200 OK in 24ms (Views: 23.0ms | ActiveRecord: 0.1ms)


Started GET "/school_classes/new" for ::1 at 2018-12-17 14:52:56 -0500
Processing by SchoolClassesController#new as HTML
  Rendered school_classes/new.erb within layouts/application (0.4ms)
Completed 500 Internal Server Error in 10ms (ActiveRecord: 0.4ms)

SyntaxError (/Users/vchan/Development/rails-form_for-lab-nyc-web-111918/app/views/school_classes/new.erb:10: syntax error, unexpected keyword_ensure, expecting keyword_end
/Users/vchan/Development/rails-form_for-lab-nyc-web-111918/app/views/school_classes/new.erb:12: syntax error, unexpected end-of-input, expecting keyword_end):
  app/views/school_classes/new.erb:10: syntax error, unexpected keyword_ensure, expecting keyword_end
  app/views/school_classes/new.erb:12: syntax error, unexpected end-of-input, expecting keyword_end


  Rendered /Users/vchan/.rvm/gems/ruby-2.3.3/gems/actionpack-4.2.11/lib/action_dispatch/middleware/templates/rescues/_source.erb (7.0ms)
  Rendered /Users/vchan/.rvm/gems/ruby-2.3.3/gems/actionpack-4.2.11/lib/action_dispatch/middleware/templates/rescues/_trace.html.erb (2.3ms)
  Rendered /Users/vchan/.rvm/gems/ruby-2.3.3/gems/actionpack-4.2.11/lib/action_dispatch/middleware/templates/rescues/_request_and_response.html.erb (1.0ms)
  Rendered /Users/vchan/.rvm/gems/ruby-2.3.3/gems/actionpack-4.2.11/lib/action_dispatch/middleware/templates/rescues/diagnostics.html.erb within rescues/layout (73.5ms)


Started GET "/school_classes/new" for ::1 at 2018-12-17 14:53:21 -0500
Processing by SchoolClassesController#new as HTML
  Rendered school_classes/new.erb within layouts/application (11.1ms)
Completed 200 OK in 27ms (Views: 26.3ms | ActiveRecord: 0.0ms)


Started POST "/school_classes" for ::1 at 2018-12-17 14:53:34 -0500
Processing by SchoolClassesController#create as HTML
  Parameters: {"utf8"=>"✓", "authenticity_token"=>"9nRGWARTK7NxaelvSpJw4iJQ+lCVpA7jTuv3LLANXU6qw8aORM0ngKV+W8SMf1ER/LxixTJ/y2HMzZjOZmmKdw==", "school_class"=>{"title"=>"Flatiron school", "room_number"=>"45"}, "commit"=>"Create School class"}
Unpermitted parameter: room_number
  [1m[36m (0.1ms)[0m  [1mbegin transaction[0m
  [1m[35mSQL (0.4ms)[0m  INSERT INTO "school_classes" ("title", "created_at", "updated_at") VALUES (?, ?, ?)  [["title", "Flatiron school"], ["created_at", "2018-12-17 19:53:34.574056"], ["updated_at", "2018-12-17 19:53:34.574056"]]
  [1m[36m (0.8ms)[0m  [1mcommit transaction[0m
Redirected to http://localhost:3000/school_classes/5
Completed 302 Found in 5ms (ActiveRecord: 1.3ms)


Started GET "/school_classes/5" for ::1 at 2018-12-17 14:53:34 -0500
Processing by SchoolClassesController#show as HTML
  Parameters: {"id"=>"5"}
  [1m[35mSchoolClass Load (0.1ms)[0m  SELECT  "school_classes".* FROM "school_classes" WHERE "school_classes"."id" = ? LIMIT 1  [["id", 5]]
  [1m[36mCACHE (0.0ms)[0m  [1mSELECT  "school_classes".* FROM "school_classes" WHERE "school_classes"."id" = ? LIMIT 1[0m  [["id", "5"]]
  Rendered school_classes/show.erb within layouts/application (0.3ms)
Completed 200 OK in 16ms (Views: 14.2ms | ActiveRecord: 0.1ms)


Started GET "/school_classes/" for ::1 at 2018-12-17 14:53:44 -0500
Processing by SchoolClassesController#index as HTML
  [1m[35mSchoolClass Load (0.1ms)[0m  SELECT "school_classes".* FROM "school_classes"
  Rendered school_classes/index.erb within layouts/application (1.0ms)
Completed 200 OK in 17ms (Views: 16.3ms | ActiveRecord: 0.1ms)


Started GET "/school_classes/new" for ::1 at 2018-12-17 14:54:23 -0500
Processing by SchoolClassesController#new as HTML
  Rendered school_classes/new.erb within layouts/application (1.1ms)
Completed 200 OK in 22ms (Views: 17.6ms | ActiveRecord: 0.4ms)


Started POST "/school_classes" for ::1 at 2018-12-17 14:54:42 -0500
Processing by SchoolClassesController#create as HTML
  Parameters: {"utf8"=>"✓", "authenticity_token"=>"7ZbByavA4udIwR0n1b4XZM64mXccp4w5/NlGdEOMJgSxIUEf617u1JzWr4wTUzaXEFQB4rt8Sbt+/ymWlejxPQ==", "school_class"=>{"title"=>"Northeastern Uni", "room_number"=>"9999"}, "commit"=>"Create School class"}
  [1m[36m (0.1ms)[0m  [1mbegin transaction[0m
  [1m[35mSQL (0.3ms)[0m  INSERT INTO "school_classes" ("title", "room_number", "created_at", "updated_at") VALUES (?, ?, ?, ?)  [["title", "Northeastern Uni"], ["room_number", 9999], ["created_at", "2018-12-17 19:54:42.162548"], ["updated_at", "2018-12-17 19:54:42.162548"]]
  [1m[36m (0.8ms)[0m  [1mcommit transaction[0m
Redirected to http://localhost:3000/school_classes/6
Completed 302 Found in 4ms (ActiveRecord: 1.2ms)


Started GET "/school_classes/6" for ::1 at 2018-12-17 14:54:42 -0500
Processing by SchoolClassesController#show as HTML
  Parameters: {"id"=>"6"}
  [1m[35mSchoolClass Load (0.1ms)[0m  SELECT  "school_classes".* FROM "school_classes" WHERE "school_classes"."id" = ? LIMIT 1  [["id", 6]]
  [1m[36mCACHE (0.0ms)[0m  [1mSELECT  "school_classes".* FROM "school_classes" WHERE "school_classes"."id" = ? LIMIT 1[0m  [["id", "6"]]
  Rendered school_classes/show.erb within layouts/application (0.1ms)
Completed 200 OK in 16ms (Views: 14.7ms | ActiveRecord: 0.1ms)


Started GET "/school_classes/" for ::1 at 2018-12-17 14:54:46 -0500
Processing by SchoolClassesController#index as HTML
  [1m[35mSchoolClass Load (0.2ms)[0m  SELECT "school_classes".* FROM "school_classes"
  Rendered school_classes/index.erb within layouts/application (1.4ms)
Completed 200 OK in 16ms (Views: 15.8ms | ActiveRecord: 0.2ms)


Started GET "/school_classes/new" for ::1 at 2018-12-17 14:55:41 -0500
Processing by SchoolClassesController#new as HTML
  Rendered school_classes/new.erb within layouts/application (1.1ms)
Completed 200 OK in 24ms (Views: 19.2ms | ActiveRecord: 0.4ms)


Started POST "/school_classes" for ::1 at 2018-12-17 14:55:46 -0500
Processing by SchoolClassesController#create as HTML
  Parameters: {"utf8"=>"✓", "authenticity_token"=>"tir1m588h4RuiRAsyCjX3mnUZslJ+y96SK1Lw8nEHZLqnXVN36KLt7qeoocOxfYttzj+XO4g6vjKiyQhH6DKqw==", "school_class"=>{"title"=>"test1", "room_number"=>"111"}, "commit"=>"Create School class"}
  [1m[36m (0.1ms)[0m  [1mbegin transaction[0m
  [1m[35mSQL (0.3ms)[0m  INSERT INTO "school_classes" ("title", "room_number", "created_at", "updated_at") VALUES (?, ?, ?, ?)  [["title", "test1"], ["room_number", 111], ["created_at", "2018-12-17 19:55:46.096819"], ["updated_at", "2018-12-17 19:55:46.096819"]]
  [1m[36m (0.8ms)[0m  [1mcommit transaction[0m
Redirected to 
Completed 500 Internal Server Error in 3ms (ActiveRecord: 1.1ms)

ActionController::ActionControllerError (Cannot redirect to nil!):
  app/controllers/school_classes_controller.rb:18:in `create'


  Rendered /Users/vchan/.rvm/gems/ruby-2.3.3/gems/actionpack-4.2.11/lib/action_dispatch/middleware/templates/rescues/_source.erb (4.3ms)
  Rendered /Users/vchan/.rvm/gems/ruby-2.3.3/gems/actionpack-4.2.11/lib/action_dispatch/middleware/templates/rescues/_trace.html.erb (2.1ms)
  Rendered /Users/vchan/.rvm/gems/ruby-2.3.3/gems/actionpack-4.2.11/lib/action_dispatch/middleware/templates/rescues/_request_and_response.html.erb (1.0ms)
  Rendered /Users/vchan/.rvm/gems/ruby-2.3.3/gems/actionpack-4.2.11/lib/action_dispatch/middleware/templates/rescues/diagnostics.html.erb within rescues/layout (71.4ms)


Started GET "/school_classes" for ::1 at 2018-12-17 14:55:58 -0500
Processing by SchoolClassesController#index as HTML
  [1m[35mSchoolClass Load (0.2ms)[0m  SELECT "school_classes".* FROM "school_classes"
  Rendered school_classes/index.erb within layouts/application (3.6ms)
Completed 200 OK in 22ms (Views: 20.0ms | ActiveRecord: 0.5ms)


Started GET "/school_classes/" for ::1 at 2018-12-17 14:56:02 -0500
Processing by SchoolClassesController#index as HTML
  [1m[36mSchoolClass Load (0.2ms)[0m  [1mSELECT "school_classes".* FROM "school_classes"[0m
  Rendered school_classes/index.erb within layouts/application (1.1ms)
Completed 200 OK in 17ms (Views: 16.3ms | ActiveRecord: 0.2ms)


Started GET "/school_classes/new" for ::1 at 2018-12-17 14:56:03 -0500
Processing by SchoolClassesController#new as HTML
  Rendered school_classes/new.erb within layouts/application (1.3ms)
Completed 200 OK in 18ms (Views: 17.4ms | ActiveRecord: 0.0ms)


Started POST "/school_classes" for ::1 at 2018-12-17 14:56:08 -0500
Processing by SchoolClassesController#create as HTML
  Parameters: {"utf8"=>"✓", "authenticity_token"=>"snn8a//jn8JIlIol2ckWgKBHL9xuZ4hJEIx2lqUg8Z7uzny9v32T8ZyDOI4fJDdzfqu3Scm8TcuSqhl0c0Qmpw==", "school_class"=>{"title"=>"test2", "room_number"=>"222"}, "commit"=>"Create School class"}
  [1m[35m (0.0ms)[0m  begin transaction
  [1m[36mSQL (0.4ms)[0m  [1mINSERT INTO "school_classes" ("title", "room_number", "created_at", "updated_at") VALUES (?, ?, ?, ?)[0m  [["title", "test2"], ["room_number", 222], ["created_at", "2018-12-17 19:56:08.292800"], ["updated_at", "2018-12-17 19:56:08.292800"]]
  [1m[35m (0.8ms)[0m  commit transaction
Redirected to http://localhost:3000/school_classes
Completed 302 Found in 4ms (ActiveRecord: 1.3ms)


Started GET "/school_classes" for ::1 at 2018-12-17 14:56:08 -0500
Processing by SchoolClassesController#index as HTML
  [1m[36mSchoolClass Load (0.1ms)[0m  [1mSELECT "school_classes".* FROM "school_classes"[0m
  Rendered school_classes/index.erb within layouts/application (1.1ms)
Completed 200 OK in 20ms (Views: 19.8ms | ActiveRecord: 0.1ms)


Started GET "/school_classes/new" for ::1 at 2018-12-17 14:59:14 -0500
Processing by SchoolClassesController#new as HTML
  Rendered school_classes/new.erb within layouts/application (1.4ms)
Completed 200 OK in 27ms (Views: 18.1ms | ActiveRecord: 0.4ms)


Started GET "/school_classes/new" for ::1 at 2018-12-17 15:00:08 -0500
Processing by SchoolClassesController#new as HTML
  Rendered school_classes/new.erb within layouts/application (1.7ms)
Completed 200 OK in 21ms (Views: 20.2ms | ActiveRecord: 0.0ms)


Started GET "/school_classes/" for ::1 at 2018-12-17 15:24:02 -0500
Processing by SchoolClassesController#index as HTML
  [1m[35mSchoolClass Load (0.4ms)[0m  SELECT "school_classes".* FROM "school_classes"
  Rendered school_classes/index.erb within layouts/application (4.3ms)
Completed 200 OK in 26ms (Views: 23.7ms | ActiveRecord: 0.6ms)


Started GET "/school_classes/1/ediut" for ::1 at 2018-12-17 15:24:06 -0500

ActionController::RoutingError (No route matches [GET] "/school_classes/1/ediut"):
  actionpack (4.2.11) lib/action_dispatch/middleware/debug_exceptions.rb:21:in `call'
  actionpack (4.2.11) lib/action_dispatch/middleware/show_exceptions.rb:30:in `call'
  railties (4.2.11) lib/rails/rack/logger.rb:38:in `call_app'
  railties (4.2.11) lib/rails/rack/logger.rb:20:in `block in call'
  activesupport (4.2.11) lib/active_support/tagged_logging.rb:68:in `block in tagged'
  activesupport (4.2.11) lib/active_support/tagged_logging.rb:26:in `tagged'
  activesupport (4.2.11) lib/active_support/tagged_logging.rb:68:in `tagged'
  railties (4.2.11) lib/rails/rack/logger.rb:20:in `call'
  actionpack (4.2.11) lib/action_dispatch/middleware/request_id.rb:21:in `call'
  rack (1.6.11) lib/rack/methodoverride.rb:22:in `call'
  rack (1.6.11) lib/rack/runtime.rb:18:in `call'
  activesupport (4.2.11) lib/active_support/cache/strategy/local_cache_middleware.rb:28:in `call'
  rack (1.6.11) lib/rack/lock.rb:17:in `call'
  actionpack (4.2.11) lib/action_dispatch/middleware/static.rb:120:in `call'
  rack (1.6.11) lib/rack/sendfile.rb:113:in `call'
  railties (4.2.11) lib/rails/engine.rb:518:in `call'
  railties (4.2.11) lib/rails/application.rb:165:in `call'
  rack (1.6.11) lib/rack/lock.rb:17:in `call'
  rack (1.6.11) lib/rack/content_length.rb:15:in `call'
  rack (1.6.11) lib/rack/handler/webrick.rb:88:in `service'
  /Users/vchan/.rvm/rubies/ruby-2.3.3/lib/ruby/2.3.0/webrick/httpserver.rb:140:in `service'
  /Users/vchan/.rvm/rubies/ruby-2.3.3/lib/ruby/2.3.0/webrick/httpserver.rb:96:in `run'
  /Users/vchan/.rvm/rubies/ruby-2.3.3/lib/ruby/2.3.0/webrick/server.rb:296:in `block in start_thread'


  Rendered /Users/vchan/.rvm/gems/ruby-2.3.3/gems/actionpack-4.2.11/lib/action_dispatch/middleware/templates/rescues/_trace.html.erb (1.2ms)
  Rendered /Users/vchan/.rvm/gems/ruby-2.3.3/gems/actionpack-4.2.11/lib/action_dispatch/middleware/templates/routes/_route.html.erb (1.2ms)
  Rendered /Users/vchan/.rvm/gems/ruby-2.3.3/gems/actionpack-4.2.11/lib/action_dispatch/middleware/templates/routes/_table.html.erb (2.0ms)
  Rendered /Users/vchan/.rvm/gems/ruby-2.3.3/gems/actionpack-4.2.11/lib/action_dispatch/middleware/templates/rescues/_request_and_response.html.erb (1.2ms)
  Rendered /Users/vchan/.rvm/gems/ruby-2.3.3/gems/actionpack-4.2.11/lib/action_dispatch/middleware/templates/rescues/routing_error.html.erb within rescues/layout (95.7ms)


Started GET "/school_classes/1/edit" for ::1 at 2018-12-17 15:24:09 -0500
Processing by SchoolClassesController#edit as HTML
  Parameters: {"id"=>"1"}
  [1m[36mSchoolClass Load (0.2ms)[0m  [1mSELECT  "school_classes".* FROM "school_classes" WHERE "school_classes"."id" = ? LIMIT 1[0m  [["id", 1]]
  Rendered school_classes/edit.erb within layouts/application (0.4ms)
Completed 500 Internal Server Error in 6ms (ActiveRecord: 0.2ms)

SyntaxError (/Users/vchan/Development/rails-form_for-lab-nyc-web-111918/app/views/school_classes/edit.erb:9: syntax error, unexpected keyword_ensure, expecting keyword_end
/Users/vchan/Development/rails-form_for-lab-nyc-web-111918/app/views/school_classes/edit.erb:11: syntax error, unexpected end-of-input, expecting keyword_end):
  app/views/school_classes/edit.erb:9: syntax error, unexpected keyword_ensure, expecting keyword_end
  app/views/school_classes/edit.erb:11: syntax error, unexpected end-of-input, expecting keyword_end


  Rendered /Users/vchan/.rvm/gems/ruby-2.3.3/gems/actionpack-4.2.11/lib/action_dispatch/middleware/templates/rescues/_source.erb (5.2ms)
  Rendered /Users/vchan/.rvm/gems/ruby-2.3.3/gems/actionpack-4.2.11/lib/action_dispatch/middleware/templates/rescues/_trace.html.erb (2.4ms)
  Rendered /Users/vchan/.rvm/gems/ruby-2.3.3/gems/actionpack-4.2.11/lib/action_dispatch/middleware/templates/rescues/_request_and_response.html.erb (0.8ms)
  Rendered /Users/vchan/.rvm/gems/ruby-2.3.3/gems/actionpack-4.2.11/lib/action_dispatch/middleware/templates/rescues/diagnostics.html.erb within rescues/layout (72.1ms)


Started GET "/school_classes/1/edit" for ::1 at 2018-12-17 15:24:28 -0500
Processing by SchoolClassesController#edit as HTML
  Parameters: {"id"=>"1"}
  [1m[35mSchoolClass Load (0.1ms)[0m  SELECT  "school_classes".* FROM "school_classes" WHERE "school_classes"."id" = ? LIMIT 1  [["id", 1]]
  Rendered school_classes/edit.erb within layouts/application (20.6ms)
Completed 500 Internal Server Error in 25ms (ActiveRecord: 0.1ms)

ActionView::Template::Error (undefined local variable or method `f' for #<#<Class:0x007f9d3789ac70>:0x007f9d372296c0>):
    2: 
    3: <% form_for @school_class do |school_class| %>
    4: <label> Post school title: </label><br>
    5: <%= f.text_field :title %><br>
    6:  
    7: <label>room number: </label><br>
    8: <%= f.text_area :room_number %><br>
  app/views/school_classes/edit.erb:5:in `block in _app_views_school_classes_edit_erb___2331057711351188549_70156605792200'
  app/views/school_classes/edit.erb:3:in `_app_views_school_classes_edit_erb___2331057711351188549_70156605792200'


  Rendered /Users/vchan/.rvm/gems/ruby-2.3.3/gems/actionpack-4.2.11/lib/action_dispatch/middleware/templates/rescues/_source.erb (5.0ms)
  Rendered /Users/vchan/.rvm/gems/ruby-2.3.3/gems/actionpack-4.2.11/lib/action_dispatch/middleware/templates/rescues/_trace.html.erb (2.5ms)
  Rendered /Users/vchan/.rvm/gems/ruby-2.3.3/gems/actionpack-4.2.11/lib/action_dispatch/middleware/templates/rescues/_request_and_response.html.erb (0.9ms)
  Rendered /Users/vchan/.rvm/gems/ruby-2.3.3/gems/actionpack-4.2.11/lib/action_dispatch/middleware/templates/rescues/template_error.html.erb within rescues/layout (74.1ms)


Started GET "/school_classes/1/edit" for ::1 at 2018-12-17 15:24:51 -0500
Processing by SchoolClassesController#edit as HTML
  Parameters: {"id"=>"1"}
  [1m[36mSchoolClass Load (0.1ms)[0m  [1mSELECT  "school_classes".* FROM "school_classes" WHERE "school_classes"."id" = ? LIMIT 1[0m  [["id", 1]]
  Rendered school_classes/edit.erb within layouts/application (1.8ms)
Completed 200 OK in 16ms (Views: 15.3ms | ActiveRecord: 0.1ms)


Started GET "/school_classes/1/edit" for ::1 at 2018-12-17 15:25:27 -0500
Processing by SchoolClassesController#edit as HTML
  Parameters: {"id"=>"1"}
  [1m[35mSchoolClass Load (0.1ms)[0m  SELECT  "school_classes".* FROM "school_classes" WHERE "school_classes"."id" = ? LIMIT 1  [["id", 1]]
  Rendered school_classes/edit.erb within layouts/application (1.2ms)
Completed 200 OK in 20ms (Views: 19.2ms | ActiveRecord: 0.1ms)


Started GET "/school_classes/1/edit" for ::1 at 2018-12-17 15:25:44 -0500
Processing by SchoolClassesController#edit as HTML
  Parameters: {"id"=>"1"}
  [1m[36mSchoolClass Load (0.1ms)[0m  [1mSELECT  "school_classes".* FROM "school_classes" WHERE "school_classes"."id" = ? LIMIT 1[0m  [["id", 1]]
  Rendered school_classes/edit.erb within layouts/application (1.1ms)
Completed 200 OK in 17ms (Views: 15.8ms | ActiveRecord: 0.1ms)


Started GET "/school_classes/1/edit" for ::1 at 2018-12-17 15:26:06 -0500
Processing by SchoolClassesController#edit as HTML
  Parameters: {"id"=>"1"}
  [1m[35mSchoolClass Load (0.1ms)[0m  SELECT  "school_classes".* FROM "school_classes" WHERE "school_classes"."id" = ? LIMIT 1  [["id", 1]]
  Rendered school_classes/edit.erb within layouts/application (1.5ms)
Completed 200 OK in 24ms (Views: 22.8ms | ActiveRecord: 0.1ms)


Started GET "/school_classes/1/edit" for ::1 at 2018-12-17 15:27:18 -0500
Processing by SchoolClassesController#edit as HTML
  Parameters: {"id"=>"1"}
  [1m[36mSchoolClass Load (0.1ms)[0m  [1mSELECT  "school_classes".* FROM "school_classes" WHERE "school_classes"."id" = ? LIMIT 1[0m  [["id", 1]]
  Rendered school_classes/edit.erb within layouts/application (1.3ms)
Completed 200 OK in 16ms (Views: 15.2ms | ActiveRecord: 0.1ms)


Started PATCH "/school_classes/1" for ::1 at 2018-12-17 15:27:27 -0500
Processing by SchoolClassesController#update as HTML
  Parameters: {"utf8"=>"✓", "authenticity_token"=>"IztkO2tGFFXxQWjlwogLSQz1A2p1G3jW036NM7W1T4Z/jOTtK9gYZiVW2k4EZSq60hmb/9LAvVRRWOLRY9GYvw==", "school_class"=>{"title"=>"Sigma_SIX", "room_number"=>"6456456"}, "commit"=>"Update School class", "id"=>"1"}
  [1m[35mSchoolClass Load (0.1ms)[0m  SELECT  "school_classes".* FROM "school_classes" WHERE "school_classes"."id" = ? LIMIT 1  [["id", 1]]
  [1m[36m (0.1ms)[0m  [1mbegin transaction[0m
  [1m[35mSQL (0.3ms)[0m  UPDATE "school_classes" SET "title" = ?, "room_number" = ?, "updated_at" = ? WHERE "school_classes"."id" = ?  [["title", "Sigma_SIX"], ["room_number", 6456456], ["updated_at", "2018-12-17 20:27:27.129508"], ["id", 1]]
  [1m[36m (0.7ms)[0m  [1mcommit transaction[0m
Redirected to 
Completed 500 Internal Server Error in 4ms (ActiveRecord: 1.2ms)

ActionController::ActionControllerError (Cannot redirect to nil!):
  app/controllers/school_classes_controller.rb:27:in `update'


  Rendered /Users/vchan/.rvm/gems/ruby-2.3.3/gems/actionpack-4.2.11/lib/action_dispatch/middleware/templates/rescues/_source.erb (4.0ms)
  Rendered /Users/vchan/.rvm/gems/ruby-2.3.3/gems/actionpack-4.2.11/lib/action_dispatch/middleware/templates/rescues/_trace.html.erb (1.9ms)
  Rendered /Users/vchan/.rvm/gems/ruby-2.3.3/gems/actionpack-4.2.11/lib/action_dispatch/middleware/templates/rescues/_request_and_response.html.erb (0.9ms)
  Rendered /Users/vchan/.rvm/gems/ruby-2.3.3/gems/actionpack-4.2.11/lib/action_dispatch/middleware/templates/rescues/diagnostics.html.erb within rescues/layout (69.9ms)


Started PATCH "/school_classes/1" for ::1 at 2018-12-17 15:27:51 -0500
Processing by SchoolClassesController#update as HTML
  Parameters: {"utf8"=>"✓", "authenticity_token"=>"IztkO2tGFFXxQWjlwogLSQz1A2p1G3jW036NM7W1T4Z/jOTtK9gYZiVW2k4EZSq60hmb/9LAvVRRWOLRY9GYvw==", "school_class"=>{"title"=>"Sigma_SIX", "room_number"=>"6456456"}, "commit"=>"Update School class", "id"=>"1"}
  [1m[35mSchoolClass Load (0.1ms)[0m  SELECT  "school_classes".* FROM "school_classes" WHERE "school_classes"."id" = ? LIMIT 1  [["id", 1]]
  [1m[36m (0.0ms)[0m  [1mbegin transaction[0m
  [1m[35m (0.0ms)[0m  commit transaction
Redirected to http://localhost:3000/school_classes/1
Completed 302 Found in 7ms (ActiveRecord: 0.5ms)


Started GET "/school_classes/1" for ::1 at 2018-12-17 15:27:51 -0500
Processing by SchoolClassesController#show as HTML
  Parameters: {"id"=>"1"}
  [1m[36mSchoolClass Load (0.1ms)[0m  [1mSELECT  "school_classes".* FROM "school_classes" WHERE "school_classes"."id" = ? LIMIT 1[0m  [["id", 1]]
  [1m[35mCACHE (0.0ms)[0m  SELECT  "school_classes".* FROM "school_classes" WHERE "school_classes"."id" = ? LIMIT 1  [["id", "1"]]
  Rendered school_classes/show.erb within layouts/application (0.1ms)
Completed 200 OK in 17ms (Views: 16.5ms | ActiveRecord: 0.1ms)


Started GET "/school_classes/1" for ::1 at 2018-12-17 15:28:01 -0500
Processing by SchoolClassesController#show as HTML
  Parameters: {"id"=>"1"}
  [1m[36mSchoolClass Load (0.1ms)[0m  [1mSELECT  "school_classes".* FROM "school_classes" WHERE "school_classes"."id" = ? LIMIT 1[0m  [["id", 1]]
  [1m[35mCACHE (0.0ms)[0m  SELECT  "school_classes".* FROM "school_classes" WHERE "school_classes"."id" = ? LIMIT 1  [["id", "1"]]
  Rendered school_classes/show.erb within layouts/application (0.4ms)
Completed 200 OK in 16ms (Views: 14.7ms | ActiveRecord: 0.1ms)


Started GET "/school_classes/" for ::1 at 2018-12-17 15:28:03 -0500
Processing by SchoolClassesController#index as HTML
  [1m[36mSchoolClass Load (0.2ms)[0m  [1mSELECT "school_classes".* FROM "school_classes"[0m
  Rendered school_classes/index.erb within layouts/application (1.5ms)
Completed 200 OK in 17ms (Views: 16.1ms | ActiveRecord: 0.2ms)


Started GET "/school_classes/1/edit" for ::1 at 2018-12-17 15:28:09 -0500
Processing by SchoolClassesController#edit as HTML
  Parameters: {"id"=>"1"}
  [1m[35mSchoolClass Load (0.1ms)[0m  SELECT  "school_classes".* FROM "school_classes" WHERE "school_classes"."id" = ? LIMIT 1  [["id", 1]]
  Rendered school_classes/edit.erb within layouts/application (1.5ms)
Completed 200 OK in 17ms (Views: 16.3ms | ActiveRecord: 0.1ms)


Started PATCH "/school_classes/1" for ::1 at 2018-12-17 15:28:19 -0500
Processing by SchoolClassesController#update as HTML
  Parameters: {"utf8"=>"✓", "authenticity_token"=>"isAVzc+UypOrIykbRhUPNTlyROtd1eFSCMSgo3rRk0vWd5UbjwrGoH80m7CA+C7G557cfvoOJNCK4s9BrLVEcg==", "school_class"=>{"title"=>"Sigma_Queens", "room_number"=>"6"}, "commit"=>"Update School class", "id"=>"1"}
  [1m[36mSchoolClass Load (0.1ms)[0m  [1mSELECT  "school_classes".* FROM "school_classes" WHERE "school_classes"."id" = ? LIMIT 1[0m  [["id", 1]]
  [1m[35m (0.0ms)[0m  begin transaction
  [1m[36mSQL (0.5ms)[0m  [1mUPDATE "school_classes" SET "title" = ?, "room_number" = ?, "updated_at" = ? WHERE "school_classes"."id" = ?[0m  [["title", "Sigma_Queens"], ["room_number", 6], ["updated_at", "2018-12-17 20:28:19.771373"], ["id", 1]]
  [1m[35m (0.8ms)[0m  commit transaction
Redirected to http://localhost:3000/school_classes/1
Completed 302 Found in 4ms (ActiveRecord: 1.5ms)


Started GET "/school_classes/1" for ::1 at 2018-12-17 15:28:19 -0500
Processing by SchoolClassesController#show as HTML
  Parameters: {"id"=>"1"}
  [1m[36mSchoolClass Load (0.1ms)[0m  [1mSELECT  "school_classes".* FROM "school_classes" WHERE "school_classes"."id" = ? LIMIT 1[0m  [["id", 1]]
  [1m[35mCACHE (0.0ms)[0m  SELECT  "school_classes".* FROM "school_classes" WHERE "school_classes"."id" = ? LIMIT 1  [["id", "1"]]
  Rendered school_classes/show.erb within layouts/application (0.1ms)
Completed 200 OK in 20ms (Views: 18.6ms | ActiveRecord: 0.1ms)


Started GET "/school_classes/" for ::1 at 2018-12-17 15:28:22 -0500
Processing by SchoolClassesController#index as HTML
  [1m[36mSchoolClass Load (0.1ms)[0m  [1mSELECT "school_classes".* FROM "school_classes"[0m
  Rendered school_classes/index.erb within layouts/application (1.1ms)
Completed 200 OK in 16ms (Views: 15.3ms | ActiveRecord: 0.1ms)


Started GET "/school_classes/7/edit" for ::1 at 2018-12-17 15:39:43 -0500
Processing by SchoolClassesController#edit as HTML
  Parameters: {"id"=>"7"}
  [1m[35mSchoolClass Load (0.1ms)[0m  SELECT  "school_classes".* FROM "school_classes" WHERE "school_classes"."id" = ? LIMIT 1  [["id", 7]]
  Rendered school_classes/edit.erb within layouts/application (1.8ms)
Completed 200 OK in 25ms (Views: 19.6ms | ActiveRecord: 0.5ms)


Started DELETE "/school_classes/7" for ::1 at 2018-12-17 15:39:45 -0500
Processing by SchoolClassesController#destroy as HTML
  Parameters: {"utf8"=>"✓", "authenticity_token"=>"dkaxB4FgTEAZEjwGt8XKQHgfHNMcXhMYYdB3IczPGfgq8THRwf5Ac80Fjq1xKOuzpvOERruF1prj9hjDGqvOwQ==", "school_class"=>{"title"=>"test1", "room_number"=>"111"}, "id"=>"7"}
  [1m[36mSchoolClass Load (0.1ms)[0m  [1mSELECT  "school_classes".* FROM "school_classes" WHERE "school_classes"."id" = ? LIMIT 1[0m  [["id", 7]]
  [1m[35m (0.0ms)[0m  begin transaction
  [1m[36mSQL (0.2ms)[0m  [1mDELETE FROM "school_classes" WHERE "school_classes"."id" = ?[0m  [["id", 7]]
  [1m[35m (0.8ms)[0m  commit transaction
Redirected to http://localhost:3000/school_classes
Completed 302 Found in 3ms (ActiveRecord: 1.2ms)


Started GET "/school_classes" for ::1 at 2018-12-17 15:39:45 -0500
Processing by SchoolClassesController#index as HTML
  [1m[36mSchoolClass Load (0.1ms)[0m  [1mSELECT "school_classes".* FROM "school_classes"[0m
  Rendered school_classes/index.erb within layouts/application (1.0ms)
Completed 200 OK in 15ms (Views: 14.2ms | ActiveRecord: 0.1ms)
